\BOOKMARK [0][-]{chapter.1}{Background}{}% 1
\BOOKMARK [0][-]{chapter.2}{Import libraries}{}% 2
\BOOKMARK [0][-]{chapter.3}{User defined functions}{}% 3
\BOOKMARK [0][-]{chapter.4}{Load data}{}% 4
\BOOKMARK [0][-]{chapter.5}{Clean data}{}% 5
\BOOKMARK [1][-]{section.5.1}{1. Merge data}{chapter.5}% 6
\BOOKMARK [1][-]{section.5.2}{2. Drop date column}{chapter.5}% 7
\BOOKMARK [1][-]{section.5.3}{3. Convert categorical variable into numeric}{chapter.5}% 8
\BOOKMARK [1][-]{section.5.4}{4. Deal with missing values}{chapter.5}% 9
\BOOKMARK [2][-]{subsection.5.4.1}{A. Ignore missing values}{section.5.4}% 10
\BOOKMARK [2][-]{subsection.5.4.2}{B. Impute missing values}{section.5.4}% 11
\BOOKMARK [1][-]{section.5.5}{5. Drop loan\137id column}{chapter.5}% 12
\BOOKMARK [1][-]{section.5.6}{6. Scaling continued\203}{chapter.5}% 13
\BOOKMARK [0][-]{chapter.6}{Build models to predict grant repayment}{}% 14
\BOOKMARK [1][-]{section.6.1}{Dataset 1: Ignored NAs, not scaled}{chapter.6}% 15
\BOOKMARK [2][-]{subsection.6.1.1}{1. Make training and testing data}{section.6.1}% 16
\BOOKMARK [2][-]{subsection.6.1.2}{2. Set up model and cross-validation}{section.6.1}% 17
\BOOKMARK [2][-]{subsection.6.1.3}{3. Perform cross-validation}{section.6.1}% 18
\BOOKMARK [2][-]{subsection.6.1.4}{4. Apply on unseen \(test\) data}{section.6.1}% 19
\BOOKMARK [2][-]{subsection.6.1.5}{5. Insights from model}{section.6.1}% 20
\BOOKMARK [1][-]{section.6.2}{Dataset 2: Imputed NAs, not scaled}{chapter.6}% 21
\BOOKMARK [2][-]{subsection.6.2.1}{1. Make training and testing data}{section.6.2}% 22
\BOOKMARK [2][-]{subsection.6.2.2}{2. Set up model and cross-validation}{section.6.2}% 23
\BOOKMARK [2][-]{subsection.6.2.3}{3. Perform cross-validation}{section.6.2}% 24
\BOOKMARK [2][-]{subsection.6.2.4}{4. Apply on unseen \(test\) data}{section.6.2}% 25
\BOOKMARK [2][-]{subsection.6.2.5}{5. Insights from model}{section.6.2}% 26
\BOOKMARK [0][-]{chapter.7}{Predict repayment in those denied the loan}{}% 27
\BOOKMARK [1][-]{section.7.1}{Clean data}{chapter.7}% 28
\BOOKMARK [2][-]{subsection.7.1.1}{1. Drop unhelpful columns}{section.7.1}% 29
\BOOKMARK [2][-]{subsection.7.1.2}{2. Convert categorical variable into numeric}{section.7.1}% 30
\BOOKMARK [2][-]{subsection.7.1.3}{3. Deal with missing values}{section.7.1}% 31
\BOOKMARK [1][-]{section.7.2}{Use the RF model to predict how many cases would've repaid loans}{chapter.7}% 32
\BOOKMARK [2][-]{subsection.7.2.1}{1. Make training and testing data}{section.7.2}% 33
\BOOKMARK [0][-]{chapter.8}{Summary and conclusion}{}% 34
